<?xml version="1.0" encoding="UTF-8"?>
<testng-results skipped="0" failed="0" ignored="0" total="1" passed="1">
  <reporter-output>
  </reporter-output>
  <suite name="Suite" duration-ms="131659" started-at="2019-12-17T06:36:17Z" finished-at="2019-12-17T06:38:28Z">
    <groups>
    </groups>
    <test name="Test" duration-ms="131659" started-at="2019-12-17T06:36:17Z" finished-at="2019-12-17T06:38:28Z">
      <class name="com.rmdevice.tests.RmdeviceLoginWorkflow">
        <test-method status="PASS" signature="setUp()[pri:0, instance:com.rmdevice.tests.RmdeviceLoginWorkflow@5ce81285]" name="setUp" is-config="true" duration-ms="13427" started-at="2019-12-17T06:36:03Z" finished-at="2019-12-17T06:36:17Z">
          <reporter-output>
          </reporter-output>
        </test-method> <!-- setUp -->
        <test-method status="PASS" signature="cal_add()[pri:0, instance:com.rmdevice.tests.RmdeviceLoginWorkflow@5ce81285]" name="cal_add" duration-ms="131621" started-at="2019-12-17T06:36:17Z" finished-at="2019-12-17T06:38:28Z">
          <reporter-output>
          </reporter-output>
        </test-method> <!-- cal_add -->
        <test-method status="PASS" signature="tearDown()[pri:0, instance:com.rmdevice.tests.RmdeviceLoginWorkflow@5ce81285]" name="tearDown" is-config="true" duration-ms="211" started-at="2019-12-17T06:38:28Z" finished-at="2019-12-17T06:38:29Z">
          <reporter-output>
          </reporter-output>
        </test-method> <!-- tearDown -->
      </class> <!-- com.rmdevice.tests.RmdeviceLoginWorkflow -->
    </test> <!-- Test -->
  </suite> <!-- Suite -->
</testng-results>
